[09:23:09] [main/INFO]: Environment: authHost='https://authserver.mojang.com', accountsHost='https://api.mojang.com', sessionHost='https://sessionserver.mojang.com', servicesHost='https://api.minecraftservices.com', name='PROD'
[09:23:09] [main/INFO]: Reloading ResourceManager: Default, bukkit
[09:23:10] [Worker-Main-8/INFO]: Loaded 7 recipes
[09:23:11] [Server thread/INFO]: Starting minecraft server version 1.17.1
[09:23:11] [Server thread/INFO]: Loading properties
[09:23:11] [Server thread/INFO]: This server is running CraftBukkit version 3247-Spigot-6c1c1b2-dc764e7 (MC: 1.17.1) (Implementing API version 1.17.1-R0.1-SNAPSHOT)
[09:23:11] [Server thread/INFO]: Debug logging is disabled
[09:23:11] [Server thread/INFO]: Server Ping Player Sample Count: 12
[09:23:11] [Server thread/INFO]: Using 4 threads for Netty based IO
[09:23:11] [Server thread/INFO]: Default game type: SURVIVAL
[09:23:11] [Server thread/INFO]: Generating keypair
[09:23:12] [Server thread/INFO]: Starting Minecraft server on *:25565
[09:23:12] [Server thread/INFO]: Using default channel type
[09:23:13] [Server thread/ERROR]: Could not load 'plugins\Project.jar' in folder 'plugins'
org.bukkit.plugin.InvalidDescriptionException: Invalid plugin.yml
	at org.bukkit.plugin.java.JavaPluginLoader.getPluginDescription(JavaPluginLoader.java:180) ~[server.jar:3247-Spigot-6c1c1b2-dc764e7]
	at org.bukkit.plugin.SimplePluginManager.loadPlugins(SimplePluginManager.java:144) ~[server.jar:3247-Spigot-6c1c1b2-dc764e7]
	at org.bukkit.craftbukkit.v1_17_R1.CraftServer.loadPlugins(CraftServer.java:403) ~[server.jar:3247-Spigot-6c1c1b2-dc764e7]
	at net.minecraft.server.dedicated.DedicatedServer.init(DedicatedServer.java:233) ~[server.jar:3247-Spigot-6c1c1b2-dc764e7]
	at net.minecraft.server.MinecraftServer.x(MinecraftServer.java:1010) ~[server.jar:3247-Spigot-6c1c1b2-dc764e7]
	at net.minecraft.server.MinecraftServer.lambda$0(MinecraftServer.java:305) ~[server.jar:3247-Spigot-6c1c1b2-dc764e7]
	at java.lang.Thread.run(Thread.java:831) [?:?]
Caused by: org.yaml.snakeyaml.scanner.ScannerException: mapping values are not allowed here
 in 'reader', line 2, column 9:
        main: com.athena.my_plugin
            ^

	at org.yaml.snakeyaml.scanner.ScannerImpl.fetchValue(ScannerImpl.java:890) ~[server.jar:3247-Spigot-6c1c1b2-dc764e7]
	at org.yaml.snakeyaml.scanner.ScannerImpl.fetchMoreTokens(ScannerImpl.java:379) ~[server.jar:3247-Spigot-6c1c1b2-dc764e7]
	at org.yaml.snakeyaml.scanner.ScannerImpl.checkToken(ScannerImpl.java:248) ~[server.jar:3247-Spigot-6c1c1b2-dc764e7]
	at org.yaml.snakeyaml.parser.ParserImpl$ParseBlockMappingKey.produce(ParserImpl.java:602) ~[server.jar:3247-Spigot-6c1c1b2-dc764e7]
	at org.yaml.snakeyaml.parser.ParserImpl.peekEvent(ParserImpl.java:165) ~[server.jar:3247-Spigot-6c1c1b2-dc764e7]
	at org.yaml.snakeyaml.comments.CommentEventsCollector$1.peek(CommentEventsCollector.java:59) ~[server.jar:3247-Spigot-6c1c1b2-dc764e7]
	at org.yaml.snakeyaml.comments.CommentEventsCollector$1.peek(CommentEventsCollector.java:45) ~[server.jar:3247-Spigot-6c1c1b2-dc764e7]
	at org.yaml.snakeyaml.comments.CommentEventsCollector.collectEvents(CommentEventsCollector.java:140) ~[server.jar:3247-Spigot-6c1c1b2-dc764e7]
	at org.yaml.snakeyaml.comments.CommentEventsCollector.collectEvents(CommentEventsCollector.java:119) ~[server.jar:3247-Spigot-6c1c1b2-dc764e7]
	at org.yaml.snakeyaml.composer.Composer.composeScalarNode(Composer.java:221) ~[server.jar:3247-Spigot-6c1c1b2-dc764e7]
	at org.yaml.snakeyaml.composer.Composer.composeNode(Composer.java:191) ~[server.jar:3247-Spigot-6c1c1b2-dc764e7]
	at org.yaml.snakeyaml.composer.Composer.composeValueNode(Composer.java:313) ~[server.jar:3247-Spigot-6c1c1b2-dc764e7]
	at org.yaml.snakeyaml.composer.Composer.composeMappingChildren(Composer.java:304) ~[server.jar:3247-Spigot-6c1c1b2-dc764e7]
	at org.yaml.snakeyaml.composer.Composer.composeMappingNode(Composer.java:288) ~[server.jar:3247-Spigot-6c1c1b2-dc764e7]
	at org.yaml.snakeyaml.composer.Composer.composeNode(Composer.java:195) ~[server.jar:3247-Spigot-6c1c1b2-dc764e7]
	at org.yaml.snakeyaml.composer.Composer.getNode(Composer.java:115) ~[server.jar:3247-Spigot-6c1c1b2-dc764e7]
	at org.yaml.snakeyaml.composer.Composer.getSingleNode(Composer.java:146) ~[server.jar:3247-Spigot-6c1c1b2-dc764e7]
	at org.yaml.snakeyaml.constructor.BaseConstructor.getSingleData(BaseConstructor.java:151) ~[server.jar:3247-Spigot-6c1c1b2-dc764e7]
	at org.yaml.snakeyaml.Yaml.loadFromReader(Yaml.java:490) ~[server.jar:3247-Spigot-6c1c1b2-dc764e7]
	at org.yaml.snakeyaml.Yaml.load(Yaml.java:429) ~[server.jar:3247-Spigot-6c1c1b2-dc764e7]
	at org.bukkit.plugin.PluginDescriptionFile.<init>(PluginDescriptionFile.java:259) ~[server.jar:3247-Spigot-6c1c1b2-dc764e7]
	at org.bukkit.plugin.java.JavaPluginLoader.getPluginDescription(JavaPluginLoader.java:175) ~[server.jar:3247-Spigot-6c1c1b2-dc764e7]
	... 6 more
[09:23:13] [Server thread/INFO]: Preparing level "world"
[09:23:13] [Server thread/INFO]: -------- World Settings For [world] --------
[09:23:13] [Server thread/INFO]: Arrow Despawn Rate: 1200 Trident Respawn Rate:1200
[09:23:13] [Server thread/INFO]: Zombie Aggressive Towards Villager: true
[09:23:13] [Server thread/INFO]: Entity Tracking Range: Pl 48 / An 48 / Mo 48 / Mi 32 / Other 64
[09:23:13] [Server thread/INFO]: Allow Zombie Pigmen to spawn from portal blocks: true
[09:23:13] [Server thread/INFO]: Item Despawn Rate: 6000
[09:23:13] [Server thread/INFO]: Item Merge Radius: 2.5
[09:23:13] [Server thread/INFO]: View Distance: 10
[09:23:13] [Server thread/INFO]: Nerfing mobs spawned from spawners: false
[09:23:13] [Server thread/INFO]: Mob Spawn Range: 6
[09:23:13] [Server thread/INFO]: Cactus Growth Modifier: 100%
[09:23:13] [Server thread/INFO]: Cane Growth Modifier: 100%
[09:23:13] [Server thread/INFO]: Melon Growth Modifier: 100%
[09:23:13] [Server thread/INFO]: Mushroom Growth Modifier: 100%
[09:23:13] [Server thread/INFO]: Pumpkin Growth Modifier: 100%
[09:23:13] [Server thread/INFO]: Sapling Growth Modifier: 100%
[09:23:13] [Server thread/INFO]: Beetroot Growth Modifier: 100%
[09:23:13] [Server thread/INFO]: Carrot Growth Modifier: 100%
[09:23:13] [Server thread/INFO]: Potato Growth Modifier: 100%
[09:23:13] [Server thread/INFO]: Wheat Growth Modifier: 100%
[09:23:13] [Server thread/INFO]: NetherWart Growth Modifier: 100%
[09:23:13] [Server thread/INFO]: Vine Growth Modifier: 100%
[09:23:13] [Server thread/INFO]: Cocoa Growth Modifier: 100%
[09:23:13] [Server thread/INFO]: Bamboo Growth Modifier: 100%
[09:23:13] [Server thread/INFO]: SweetBerry Growth Modifier: 100%
[09:23:13] [Server thread/INFO]: Kelp Growth Modifier: 100%
[09:23:13] [Server thread/INFO]: Experience Merge Radius: 3.0
[09:23:13] [Server thread/INFO]: Entity Activation Range: An 32 / Mo 32 / Ra 48 / Mi 16 / Tiv true
[09:23:13] [Server thread/INFO]: Hopper Transfer: 8 Hopper Check: 1 Hopper Amount: 1
[09:23:13] [Server thread/INFO]: Custom Map Seeds:  Village: 10387312 Desert: 14357617 Igloo: 14357618 Jungle: 14357619 Swamp: 14357620 Monument: 10387313 Ocean: 14357621 Shipwreck: 165745295 End City: 10387313 Slime: 987234911 Bastion: 30084232 Fortress: 30084232 Mansion: 10387319 Fossil: 14357921 Portal: 34222645
[09:23:13] [Server thread/INFO]: Tile Max Tick Time: 50ms Entity max Tick Time: 50ms
[09:23:13] [Server thread/INFO]: Max TNT Explosions: 100
[09:23:13] [Server thread/INFO]: -------- World Settings For [world_nether] --------
[09:23:13] [Server thread/INFO]: Arrow Despawn Rate: 1200 Trident Respawn Rate:1200
[09:23:13] [Server thread/INFO]: Zombie Aggressive Towards Villager: true
[09:23:13] [Server thread/INFO]: Entity Tracking Range: Pl 48 / An 48 / Mo 48 / Mi 32 / Other 64
[09:23:13] [Server thread/INFO]: Allow Zombie Pigmen to spawn from portal blocks: true
[09:23:13] [Server thread/INFO]: Item Despawn Rate: 6000
[09:23:13] [Server thread/INFO]: Item Merge Radius: 2.5
[09:23:13] [Server thread/INFO]: View Distance: 10
[09:23:13] [Server thread/INFO]: Nerfing mobs spawned from spawners: false
[09:23:13] [Server thread/INFO]: Mob Spawn Range: 6
[09:23:13] [Server thread/INFO]: Cactus Growth Modifier: 100%
[09:23:13] [Server thread/INFO]: Cane Growth Modifier: 100%
[09:23:13] [Server thread/INFO]: Melon Growth Modifier: 100%
[09:23:13] [Server thread/INFO]: Mushroom Growth Modifier: 100%
[09:23:13] [Server thread/INFO]: Pumpkin Growth Modifier: 100%
[09:23:13] [Server thread/INFO]: Sapling Growth Modifier: 100%
[09:23:13] [Server thread/INFO]: Beetroot Growth Modifier: 100%
[09:23:13] [Server thread/INFO]: Carrot Growth Modifier: 100%
[09:23:13] [Server thread/INFO]: Potato Growth Modifier: 100%
[09:23:13] [Server thread/INFO]: Wheat Growth Modifier: 100%
[09:23:13] [Server thread/INFO]: NetherWart Growth Modifier: 100%
[09:23:13] [Server thread/INFO]: Vine Growth Modifier: 100%
[09:23:13] [Server thread/INFO]: Cocoa Growth Modifier: 100%
[09:23:13] [Server thread/INFO]: Bamboo Growth Modifier: 100%
[09:23:13] [Server thread/INFO]: SweetBerry Growth Modifier: 100%
[09:23:13] [Server thread/INFO]: Kelp Growth Modifier: 100%
[09:23:13] [Server thread/INFO]: Experience Merge Radius: 3.0
[09:23:13] [Server thread/INFO]: Entity Activation Range: An 32 / Mo 32 / Ra 48 / Mi 16 / Tiv true
[09:23:13] [Server thread/INFO]: Hopper Transfer: 8 Hopper Check: 1 Hopper Amount: 1
[09:23:13] [Server thread/INFO]: Custom Map Seeds:  Village: 10387312 Desert: 14357617 Igloo: 14357618 Jungle: 14357619 Swamp: 14357620 Monument: 10387313 Ocean: 14357621 Shipwreck: 165745295 End City: 10387313 Slime: 987234911 Bastion: 30084232 Fortress: 30084232 Mansion: 10387319 Fossil: 14357921 Portal: 34222645
[09:23:13] [Server thread/INFO]: Tile Max Tick Time: 50ms Entity max Tick Time: 50ms
[09:23:13] [Server thread/INFO]: Max TNT Explosions: 100
[09:23:13] [Server thread/INFO]: -------- World Settings For [world_the_end] --------
[09:23:13] [Server thread/INFO]: Arrow Despawn Rate: 1200 Trident Respawn Rate:1200
[09:23:13] [Server thread/INFO]: Zombie Aggressive Towards Villager: true
[09:23:13] [Server thread/INFO]: Entity Tracking Range: Pl 48 / An 48 / Mo 48 / Mi 32 / Other 64
[09:23:13] [Server thread/INFO]: Allow Zombie Pigmen to spawn from portal blocks: true
[09:23:13] [Server thread/INFO]: Item Despawn Rate: 6000
[09:23:13] [Server thread/INFO]: Item Merge Radius: 2.5
[09:23:13] [Server thread/INFO]: View Distance: 10
[09:23:13] [Server thread/INFO]: Nerfing mobs spawned from spawners: false
[09:23:13] [Server thread/INFO]: Mob Spawn Range: 6
[09:23:13] [Server thread/INFO]: Cactus Growth Modifier: 100%
[09:23:13] [Server thread/INFO]: Cane Growth Modifier: 100%
[09:23:13] [Server thread/INFO]: Melon Growth Modifier: 100%
[09:23:13] [Server thread/INFO]: Mushroom Growth Modifier: 100%
[09:23:13] [Server thread/INFO]: Pumpkin Growth Modifier: 100%
[09:23:13] [Server thread/INFO]: Sapling Growth Modifier: 100%
[09:23:13] [Server thread/INFO]: Beetroot Growth Modifier: 100%
[09:23:13] [Server thread/INFO]: Carrot Growth Modifier: 100%
[09:23:13] [Server thread/INFO]: Potato Growth Modifier: 100%
[09:23:13] [Server thread/INFO]: Wheat Growth Modifier: 100%
[09:23:13] [Server thread/INFO]: NetherWart Growth Modifier: 100%
[09:23:13] [Server thread/INFO]: Vine Growth Modifier: 100%
[09:23:13] [Server thread/INFO]: Cocoa Growth Modifier: 100%
[09:23:13] [Server thread/INFO]: Bamboo Growth Modifier: 100%
[09:23:13] [Server thread/INFO]: SweetBerry Growth Modifier: 100%
[09:23:13] [Server thread/INFO]: Kelp Growth Modifier: 100%
[09:23:13] [Server thread/INFO]: Experience Merge Radius: 3.0
[09:23:13] [Server thread/INFO]: Entity Activation Range: An 32 / Mo 32 / Ra 48 / Mi 16 / Tiv true
[09:23:13] [Server thread/INFO]: Hopper Transfer: 8 Hopper Check: 1 Hopper Amount: 1
[09:23:13] [Server thread/INFO]: Custom Map Seeds:  Village: 10387312 Desert: 14357617 Igloo: 14357618 Jungle: 14357619 Swamp: 14357620 Monument: 10387313 Ocean: 14357621 Shipwreck: 165745295 End City: 10387313 Slime: 987234911 Bastion: 30084232 Fortress: 30084232 Mansion: 10387319 Fossil: 14357921 Portal: 34222645
[09:23:13] [Server thread/INFO]: Tile Max Tick Time: 50ms Entity max Tick Time: 50ms
[09:23:13] [Server thread/INFO]: Max TNT Explosions: 100
[09:23:13] [Server thread/INFO]: Preparing start region for dimension minecraft:overworld
[09:23:14] [Worker-Main-9/INFO]: Preparing spawn area: 0%
[09:23:17] [Worker-Main-14/INFO]: Preparing spawn area: 0%
[09:23:17] [Worker-Main-14/INFO]: Preparing spawn area: 0%
[09:23:17] [Worker-Main-8/INFO]: Preparing spawn area: 0%
[09:23:17] [Worker-Main-14/INFO]: Preparing spawn area: 0%
[09:23:17] [Worker-Main-8/INFO]: Preparing spawn area: 0%
[09:23:17] [Worker-Main-14/INFO]: Preparing spawn area: 0%
[09:23:17] [Worker-Main-8/INFO]: Preparing spawn area: 0%
[09:23:17] [Worker-Main-12/INFO]: Preparing spawn area: 42%
[09:23:18] [Worker-Main-12/INFO]: Preparing spawn area: 42%
[09:23:18] [Worker-Main-11/INFO]: Preparing spawn area: 69%
[09:23:19] [Worker-Main-10/INFO]: Preparing spawn area: 69%
[09:23:19] [Worker-Main-11/INFO]: Preparing spawn area: 69%
[09:23:20] [Worker-Main-11/INFO]: Preparing spawn area: 95%
[09:23:20] [Server thread/INFO]: Time elapsed: 6747 ms
[09:23:20] [Server thread/INFO]: Preparing start region for dimension minecraft:the_nether
[09:23:20] [Worker-Main-9/INFO]: Preparing spawn area: 0%
[09:23:20] [Worker-Main-8/INFO]: Preparing spawn area: 0%
[09:23:21] [Worker-Main-14/INFO]: Preparing spawn area: 1%
[09:23:21] [Worker-Main-10/INFO]: Preparing spawn area: 9%
[09:23:22] [Worker-Main-14/INFO]: Preparing spawn area: 34%
[09:23:22] [Worker-Main-10/INFO]: Preparing spawn area: 72%
[09:23:23] [Worker-Main-12/INFO]: Preparing spawn area: 83%
[09:23:23] [Worker-Main-10/INFO]: Preparing spawn area: 90%
[09:23:24] [Server thread/INFO]: Time elapsed: 3979 ms
[09:23:24] [Server thread/INFO]: Preparing start region for dimension minecraft:the_end
[09:23:24] [Worker-Main-10/INFO]: Preparing spawn area: 0%
[09:23:24] [Worker-Main-14/INFO]: Preparing spawn area: 1%
[09:23:25] [Worker-Main-8/INFO]: Preparing spawn area: 20%
[09:23:25] [Worker-Main-10/INFO]: Preparing spawn area: 81%
[09:23:26] [Server thread/INFO]: Time elapsed: 1768 ms
[09:23:26] [Server thread/INFO]: Server permissions file permissions.yml is empty, ignoring it
[09:23:26] [Server thread/INFO]: Done (13.072s)! For help, type "help"
[09:24:09] [User Authenticator #1/INFO]: UUID of player kordashian is e3cda52f-b79a-4e1b-ae07-6dfd58e0893e
[09:24:09] [Server thread/INFO]: kordashian[/127.0.0.1:55888] logged in with entity id 244 at ([world]-247.1370856867145, 64.0, 2.1902337880824225)
[09:24:12] [Server thread/INFO]: kordashian issued server command: /heal
[09:24:45] [Server thread/INFO]: kordashian lost connection: Disconnected
[09:24:45] [Server thread/INFO]: kordashian left the game
